<?xml version="1.0" encoding="UTF-8"?>
<!-- Generated by org.testng.reporters.JUnitXMLReporter -->
<testsuite ignored="2" hostname="Yogesh-Laptop" failures="1" tests="3" name="Test" time="8.535" errors="0" timestamp="2022-08-17T17:42:52 IST">
  <testcase classname="Test_NG.a1" name="M1" time="0.016"/>
  <testcase classname="Test_NG.a1" name="M2" time="0.005">
    <failure type="java.lang.AssertionError" message="expected [true] but found [false]">
      <![CDATA[java.lang.AssertionError: expected [true] but found [false]
at Test_NG.a1.M2(a1.java:16)
at java.base/java.util.ArrayList.forEach(ArrayList.java:1511)
... Removed 29 stack frames]]>
    </failure>
  </testcase> <!-- M2 -->
  <testcase classname="Test_NG.a1" name="M4" time="0.001"/>
  <testcase classname="Test_NG.a1" name="M5" time="0.0">
    <ignored/>
  </testcase> <!-- M5 -->
  <testcase classname="Test_NG.a1" name="M3" time="0.0">
    <ignored/>
  </testcase> <!-- M3 -->
</testsuite> <!-- Test -->
